<?xml version="1.0" encoding="UTF-8"?>
<testng-results ignored="0" total="1" passed="1" failed="0" skipped="0">
  <reporter-output>
  </reporter-output>
  <suite started-at="2025-12-26T16:58:43 GMT-06:00" name="Surefire suite" finished-at="2025-12-26T17:00:39 GMT-06:00" duration-ms="115614">
    <groups>
    </groups>
    <test started-at="2025-12-26T16:58:43 GMT-06:00" name="Surefire test" finished-at="2025-12-26T17:00:39 GMT-06:00" duration-ms="115614">
      <class name="com.rohith.mindfulqa.tests.MoodTrackerTest">
        <test-method is-config="true" signature="setUp()[pri:0, instance:com.rohith.mindfulqa.tests.MoodTrackerTest@1a84f40f]" started-at="2025-12-26T16:58:43 GMT-06:00" name="setUp" finished-at="2025-12-26T16:58:46 GMT-06:00" duration-ms="3107" status="PASS">
          <reporter-output>
          </reporter-output>
        </test-method> <!-- setUp -->
        <test-method signature="moodTrackerEndToEndFlow()[pri:0, instance:com.rohith.mindfulqa.tests.MoodTrackerTest@1a84f40f]" started-at="2025-12-26T16:58:46 GMT-06:00" name="moodTrackerEndToEndFlow" finished-at="2025-12-26T17:00:39 GMT-06:00" duration-ms="112244" status="PASS">
          <reporter-output>
          </reporter-output>
        </test-method> <!-- moodTrackerEndToEndFlow -->
        <test-method is-config="true" signature="tearDown()[pri:0, instance:com.rohith.mindfulqa.tests.MoodTrackerTest@1a84f40f]" started-at="2025-12-26T17:00:39 GMT-06:00" name="tearDown" finished-at="2025-12-26T17:00:39 GMT-06:00" duration-ms="241" status="PASS">
          <reporter-output>
          </reporter-output>
        </test-method> <!-- tearDown -->
      </class> <!-- com.rohith.mindfulqa.tests.MoodTrackerTest -->
    </test> <!-- Surefire test -->
  </suite> <!-- Surefire suite -->
</testng-results>
